\BOOKMARK [1][-]{section*.1}{\376\377\144\130\211\201}{}% 1
\BOOKMARK [1][-]{section.1}{\376\377\200\314\146\157\122\006\147\220\116\016\170\064\230\230}{}% 2
\BOOKMARK [2][-]{subsection.1.1}{\376\377\210\114\116\032\200\314\146\157\060\001\171\076\117\032\116\367\120\074\116\016\142\200\147\057\164\366\230\210}{section.1}% 3
\BOOKMARK [2][-]{subsection.1.2}{\376\377\170\064\230\230\122\006\147\220\060\001\122\250\147\072\141\017\126\376\116\016\225\356\230\230\143\021\142\030}{section.1}% 4
\BOOKMARK [1][-]{section.2}{\376\377\227\000\154\102\155\101\172\013\116\016\145\160\143\156\122\006\147\220}{}% 5
\BOOKMARK [2][-]{subsection.2.1}{\376\377\227\000\154\102\127\072\146\157\123\312\213\310\232\227\210\114\116\072\162\171\137\201\122\006\147\220}{section.2}% 6
\BOOKMARK [2][-]{subsection.2.2}{\376\377\145\160\143\156\226\306\122\006\147\220}{section.2}% 7
\BOOKMARK [1][-]{section.3}{\376\377\174\373\176\337\147\266\147\204\116\016\121\163\225\056\142\200\147\057}{}% 8
\BOOKMARK [2][-]{subsection.3.1}{\376\377\122\006\134\102\174\373\176\337\147\266\147\204\116\016\121\163\225\056\142\200\147\057}{section.3}% 9
\BOOKMARK [2][-]{subsection.3.2}{\376\377\116\032\122\241\220\073\217\221\155\101\172\013\213\276\213\241}{section.3}% 10
\BOOKMARK [2][-]{subsection.3.3}{\376\377\145\160\143\156\176\323\147\204\213\276\213\241\116\016\176\304\176\307}{section.3}% 11
\BOOKMARK [2][-]{subsection.3.4}{\376\377\173\227\154\325\152\041\127\213\124\214\117\052\116\343\170\001}{section.3}% 12
\BOOKMARK [1][-]{section.4}{\376\377\140\047\200\375\122\006\147\220\123\312\174\373\176\337\134\125\171\072}{}% 13
\BOOKMARK [2][-]{subsection.4.1}{\376\377\126\364\176\325\166\356\150\007\166\204\172\357\122\060\172\357\140\047\200\375\122\006\147\220}{section.4}% 14
\BOOKMARK [2][-]{subsection.4.2}{\376\377\155\210\207\215\133\236\232\214\122\006\147\220}{section.4}% 15
\BOOKMARK [2][-]{subsection.4.3}{\376\377\174\373\176\337\165\114\227\142\142\052\126\376\116\016\116\373\122\241\201\352\213\304}{section.4}% 16
\BOOKMARK [2][-]{subsection.4.4}{\376\377\116\244\116\330\156\005\123\125\116\016\131\015\163\260\117\335\226\234}{section.4}% 17
\BOOKMARK [1][-]{section.5}{\376\377\122\033\145\260\160\271\122\006\147\220\116\016\140\073\176\323}{}% 18
\BOOKMARK [2][-]{subsection.5.1}{\376\377\150\070\137\303\122\033\145\260\160\271\122\006\147\220}{section.5}% 19
\BOOKMARK [2][-]{subsection.5.2}{\376\377\176\374\124\010\116\367\120\074\116\016\213\304\122\006\124\315\136\224}{section.5}% 20
\BOOKMARK [2][-]{subsection.5.3}{\376\377\140\073\176\323\116\016\134\125\147\033}{section.5}% 21
\BOOKMARK [1][-]{section*.26}{\376\377\123\302\200\003\145\207\163\056}{}% 22
\BOOKMARK [1][-]{section*.28}{\376\377\226\104\137\125}{}% 23
\BOOKMARK [1][-]{section*.34}{\376\377\201\364\214\042}{}% 24
